2025-09-30 13:38:21,658 DEBUG    root            Loaded Command Group: ['gcloud', 'components']
2025-09-30 13:38:21,662 DEBUG    root            Loaded Command Group: ['gcloud', 'components', 'update']
2025-09-30 13:38:21,664 DEBUG    root            Running [gcloud.components.update] with arguments: [--compile-python: "True", --quiet: "True", COMPONENT-IDS:6: "['core', 'gcloud-deps', 'bq', 'gcloud', 'gcloud-crc32c', 'gsutil']"]
2025-09-30 13:38:21,665 INFO     ___FILE_ONLY___ Beginning update. This process may take several minutes.

2025-09-30 13:38:21,699 DEBUG    urllib3.connectionpool Starting new HTTPS connection (1): dl.google.com:443
2025-09-30 13:38:21,716 DEBUG    urllib3.connectionpool https://dl.google.com:443 "GET /dl/cloudsdk/channels/rapid/components-2.json HTTP/11" 200 233157
2025-09-30 13:38:21,727 INFO     ___FILE_ONLY___ 

2025-09-30 13:38:21,727 INFO     ___FILE_ONLY___ 
Your current Google Cloud CLI version is: 541.0.0

2025-09-30 13:38:21,727 INFO     ___FILE_ONLY___ Installing components from version: 541.0.0

2025-09-30 13:38:21,728 INFO     ___FILE_ONLY___ 

2025-09-30 13:38:21,728 DEBUG    root            Chosen display Format:table[box,title="These components will be removed."](details.display_name:label=Name:align=left,version.version_string:label=Version:align=right,data.size.size(zero="",min=1048576):label=Size:align=right)
2025-09-30 13:38:21,728 DEBUG    root            Chosen display Format:table[box,title="These components will be updated."](details.display_name:label=Name:align=left,version.version_string:label=Version:align=right,data.size.size(zero="",min=1048576):label=Size:align=right)
2025-09-30 13:38:21,729 DEBUG    root            Chosen display Format:table[box,title="These components will be installed."](details.display_name:label=Name:align=left,version.version_string:label=Version:align=right,data.size.size(zero="",min=1048576):label=Size:align=right)
2025-09-30 13:38:21,770 INFO     ___FILE_ONLY___ ┌─────────────────────────────────────────────────────────────────────────────┐
2025-09-30 13:38:21,771 INFO     ___FILE_ONLY___ 

2025-09-30 13:38:21,771 INFO     ___FILE_ONLY___ │                     These components will be installed.                     │
2025-09-30 13:38:21,771 INFO     ___FILE_ONLY___ 

2025-09-30 13:38:21,771 INFO     ___FILE_ONLY___ ├─────────────────────────────────────────────────────┬────────────┬──────────┤
2025-09-30 13:38:21,771 INFO     ___FILE_ONLY___ 

2025-09-30 13:38:21,771 INFO     ___FILE_ONLY___ │                         Name                        │  Version   │   Size   │
2025-09-30 13:38:21,771 INFO     ___FILE_ONLY___ 

2025-09-30 13:38:21,771 INFO     ___FILE_ONLY___ ├─────────────────────────────────────────────────────┼────────────┼──────────┤
2025-09-30 13:38:21,771 INFO     ___FILE_ONLY___ 

2025-09-30 13:38:21,771 INFO     ___FILE_ONLY___ │ 
2025-09-30 13:38:21,771 INFO     ___FILE_ONLY___ BigQuery Command Line Tool                         
2025-09-30 13:38:21,771 INFO     ___FILE_ONLY___  
2025-09-30 13:38:21,771 INFO     ___FILE_ONLY___ │ 
2025-09-30 13:38:21,771 INFO     ___FILE_ONLY___     2.1.24
2025-09-30 13:38:21,771 INFO     ___FILE_ONLY___  
2025-09-30 13:38:21,771 INFO     ___FILE_ONLY___ │ 
2025-09-30 13:38:21,771 INFO     ___FILE_ONLY___  1.8 MiB
2025-09-30 13:38:21,771 INFO     ___FILE_ONLY___  
2025-09-30 13:38:21,772 INFO     ___FILE_ONLY___ │
2025-09-30 13:38:21,772 INFO     ___FILE_ONLY___ 

2025-09-30 13:38:21,772 INFO     ___FILE_ONLY___ │ 
2025-09-30 13:38:21,772 INFO     ___FILE_ONLY___ BigQuery Command Line Tool (Platform Specific)     
2025-09-30 13:38:21,772 INFO     ___FILE_ONLY___  
2025-09-30 13:38:21,772 INFO     ___FILE_ONLY___ │ 
2025-09-30 13:38:21,772 INFO     ___FILE_ONLY___     2.1.17
2025-09-30 13:38:21,772 INFO     ___FILE_ONLY___  
2025-09-30 13:38:21,772 INFO     ___FILE_ONLY___ │ 
2025-09-30 13:38:21,772 INFO     ___FILE_ONLY___  < 1 MiB
2025-09-30 13:38:21,772 INFO     ___FILE_ONLY___  
2025-09-30 13:38:21,772 INFO     ___FILE_ONLY___ │
2025-09-30 13:38:21,772 INFO     ___FILE_ONLY___ 

2025-09-30 13:38:21,772 INFO     ___FILE_ONLY___ │ 
2025-09-30 13:38:21,772 INFO     ___FILE_ONLY___ Bundled Python 3.12 (Platform Specific)            
2025-09-30 13:38:21,772 INFO     ___FILE_ONLY___  
2025-09-30 13:38:21,772 INFO     ___FILE_ONLY___ │ 
2025-09-30 13:38:21,772 INFO     ___FILE_ONLY___     3.12.9
2025-09-30 13:38:21,772 INFO     ___FILE_ONLY___  
2025-09-30 13:38:21,772 INFO     ___FILE_ONLY___ │ 
2025-09-30 13:38:21,773 INFO     ___FILE_ONLY___ 89.3 MiB
2025-09-30 13:38:21,773 INFO     ___FILE_ONLY___  
2025-09-30 13:38:21,773 INFO     ___FILE_ONLY___ │
2025-09-30 13:38:21,773 INFO     ___FILE_ONLY___ 

2025-09-30 13:38:21,773 INFO     ___FILE_ONLY___ │ 
2025-09-30 13:38:21,773 INFO     ___FILE_ONLY___ Cloud Storage Command Line Tool                    
2025-09-30 13:38:21,773 INFO     ___FILE_ONLY___  
2025-09-30 13:38:21,773 INFO     ___FILE_ONLY___ │ 
2025-09-30 13:38:21,773 INFO     ___FILE_ONLY___       5.35
2025-09-30 13:38:21,773 INFO     ___FILE_ONLY___  
2025-09-30 13:38:21,773 INFO     ___FILE_ONLY___ │ 
2025-09-30 13:38:21,773 INFO     ___FILE_ONLY___ 12.4 MiB
2025-09-30 13:38:21,773 INFO     ___FILE_ONLY___  
2025-09-30 13:38:21,773 INFO     ___FILE_ONLY___ │
2025-09-30 13:38:21,773 INFO     ___FILE_ONLY___ 

2025-09-30 13:38:21,773 INFO     ___FILE_ONLY___ │ 
2025-09-30 13:38:21,774 INFO     ___FILE_ONLY___ Cloud Storage Command Line Tool (Platform Specific)
2025-09-30 13:38:21,774 INFO     ___FILE_ONLY___  
2025-09-30 13:38:21,774 INFO     ___FILE_ONLY___ │ 
2025-09-30 13:38:21,774 INFO     ___FILE_ONLY___       5.34
2025-09-30 13:38:21,774 INFO     ___FILE_ONLY___  
2025-09-30 13:38:21,774 INFO     ___FILE_ONLY___ │ 
2025-09-30 13:38:21,774 INFO     ___FILE_ONLY___  < 1 MiB
2025-09-30 13:38:21,774 INFO     ___FILE_ONLY___  
2025-09-30 13:38:21,774 INFO     ___FILE_ONLY___ │
2025-09-30 13:38:21,774 INFO     ___FILE_ONLY___ 

2025-09-30 13:38:21,774 INFO     ___FILE_ONLY___ │ 
2025-09-30 13:38:21,774 INFO     ___FILE_ONLY___ Google Cloud CLI Core Libraries (Platform Specific)
2025-09-30 13:38:21,774 INFO     ___FILE_ONLY___  
2025-09-30 13:38:21,774 INFO     ___FILE_ONLY___ │ 
2025-09-30 13:38:21,774 INFO     ___FILE_ONLY___ 2025.05.23
2025-09-30 13:38:21,774 INFO     ___FILE_ONLY___  
2025-09-30 13:38:21,774 INFO     ___FILE_ONLY___ │ 
2025-09-30 13:38:21,774 INFO     ___FILE_ONLY___  < 1 MiB
2025-09-30 13:38:21,774 INFO     ___FILE_ONLY___  
2025-09-30 13:38:21,774 INFO     ___FILE_ONLY___ │
2025-09-30 13:38:21,774 INFO     ___FILE_ONLY___ 

2025-09-30 13:38:21,775 INFO     ___FILE_ONLY___ │ 
2025-09-30 13:38:21,775 INFO     ___FILE_ONLY___ Google Cloud CRC32C Hash Tool (Platform Specific)  
2025-09-30 13:38:21,775 INFO     ___FILE_ONLY___  
2025-09-30 13:38:21,775 INFO     ___FILE_ONLY___ │ 
2025-09-30 13:38:21,775 INFO     ___FILE_ONLY___      1.0.0
2025-09-30 13:38:21,775 INFO     ___FILE_ONLY___  
2025-09-30 13:38:21,775 INFO     ___FILE_ONLY___ │ 
2025-09-30 13:38:21,775 INFO     ___FILE_ONLY___  1.5 MiB
2025-09-30 13:38:21,775 INFO     ___FILE_ONLY___  
2025-09-30 13:38:21,775 INFO     ___FILE_ONLY___ │
2025-09-30 13:38:21,775 INFO     ___FILE_ONLY___ 

2025-09-30 13:38:21,775 INFO     ___FILE_ONLY___ │ 
2025-09-30 13:38:21,775 INFO     ___FILE_ONLY___ gcloud cli dependencies (Platform Specific)        
2025-09-30 13:38:21,775 INFO     ___FILE_ONLY___  
2025-09-30 13:38:21,775 INFO     ___FILE_ONLY___ │ 
2025-09-30 13:38:21,775 INFO     ___FILE_ONLY___ 2021.04.16
2025-09-30 13:38:21,775 INFO     ___FILE_ONLY___  
2025-09-30 13:38:21,775 INFO     ___FILE_ONLY___ │ 
2025-09-30 13:38:21,775 INFO     ___FILE_ONLY___  < 1 MiB
2025-09-30 13:38:21,775 INFO     ___FILE_ONLY___  
2025-09-30 13:38:21,775 INFO     ___FILE_ONLY___ │
2025-09-30 13:38:21,776 INFO     ___FILE_ONLY___ 

2025-09-30 13:38:21,776 INFO     ___FILE_ONLY___ └─────────────────────────────────────────────────────┴────────────┴──────────┘
2025-09-30 13:38:21,776 INFO     ___FILE_ONLY___ 

2025-09-30 13:38:21,776 INFO     ___FILE_ONLY___ 

2025-09-30 13:38:21,779 DEBUG    urllib3.connectionpool Starting new HTTPS connection (1): dl.google.com:443
2025-09-30 13:38:21,791 DEBUG    urllib3.connectionpool https://dl.google.com:443 "GET /dl/cloudsdk/channels/rapid/RELEASE_NOTES HTTP/11" 200 1492432
2025-09-30 13:38:22,346 INFO     ___FILE_ONLY___ For the latest full release notes, please visit:
  https://cloud.google.com/sdk/release_notes


2025-09-30 13:38:22,347 INFO     ___FILE_ONLY___ Performing in place update...


2025-09-30 13:38:22,349 INFO     ___FILE_ONLY___ ╔════════════════════════════════════════════════════════════╗

2025-09-30 13:38:22,349 INFO     ___FILE_ONLY___ ╠═ Downloading: BigQuery Command Line Tool                  ═╣

2025-09-30 13:38:22,349 INFO     ___FILE_ONLY___ ╚
2025-09-30 13:38:22,352 DEBUG    urllib3.connectionpool Starting new HTTPS connection (1): dl.google.com:443
2025-09-30 13:38:22,548 DEBUG    urllib3.connectionpool https://dl.google.com:443 "GET /dl/cloudsdk/channels/rapid/components/google-cloud-sdk-bq-20250929142209.tar.gz HTTP/11" 200 1861858
2025-09-30 13:38:22,563 INFO     ___FILE_ONLY___ ═
2025-09-30 13:38:22,563 INFO     ___FILE_ONLY___ ═
2025-09-30 13:38:22,563 INFO     ___FILE_ONLY___ ═
2025-09-30 13:38:22,563 INFO     ___FILE_ONLY___ ═
2025-09-30 13:38:22,563 INFO     ___FILE_ONLY___ ═
2025-09-30 13:38:22,563 INFO     ___FILE_ONLY___ ═
2025-09-30 13:38:22,563 INFO     ___FILE_ONLY___ ═
2025-09-30 13:38:22,563 INFO     ___FILE_ONLY___ ═
2025-09-30 13:38:22,564 INFO     ___FILE_ONLY___ ═
2025-09-30 13:38:22,564 INFO     ___FILE_ONLY___ ═
2025-09-30 13:38:22,564 INFO     ___FILE_ONLY___ ═
2025-09-30 13:38:22,564 INFO     ___FILE_ONLY___ ═
2025-09-30 13:38:22,564 INFO     ___FILE_ONLY___ ═
2025-09-30 13:38:22,564 INFO     ___FILE_ONLY___ ═
2025-09-30 13:38:22,564 INFO     ___FILE_ONLY___ ═
2025-09-30 13:38:22,564 INFO     ___FILE_ONLY___ ═
2025-09-30 13:38:22,564 INFO     ___FILE_ONLY___ ═
2025-09-30 13:38:22,564 INFO     ___FILE_ONLY___ ═
2025-09-30 13:38:22,564 INFO     ___FILE_ONLY___ ═
2025-09-30 13:38:22,565 INFO     ___FILE_ONLY___ ═
2025-09-30 13:38:22,565 INFO     ___FILE_ONLY___ ═
2025-09-30 13:38:22,565 INFO     ___FILE_ONLY___ ═
2025-09-30 13:38:22,565 INFO     ___FILE_ONLY___ ═
2025-09-30 13:38:22,565 INFO     ___FILE_ONLY___ ═
2025-09-30 13:38:22,565 INFO     ___FILE_ONLY___ ═
2025-09-30 13:38:22,565 INFO     ___FILE_ONLY___ ═
2025-09-30 13:38:22,565 INFO     ___FILE_ONLY___ ═
2025-09-30 13:38:22,565 INFO     ___FILE_ONLY___ ═
2025-09-30 13:38:22,565 INFO     ___FILE_ONLY___ ═
2025-09-30 13:38:22,565 INFO     ___FILE_ONLY___ ═
2025-09-30 13:38:22,566 INFO     ___FILE_ONLY___ ═
2025-09-30 13:38:22,566 INFO     ___FILE_ONLY___ ═
2025-09-30 13:38:22,566 INFO     ___FILE_ONLY___ ═
2025-09-30 13:38:22,566 INFO     ___FILE_ONLY___ ═
2025-09-30 13:38:22,566 INFO     ___FILE_ONLY___ ═
2025-09-30 13:38:22,566 INFO     ___FILE_ONLY___ ═
2025-09-30 13:38:22,566 INFO     ___FILE_ONLY___ ═
2025-09-30 13:38:22,566 INFO     ___FILE_ONLY___ ═
2025-09-30 13:38:22,566 INFO     ___FILE_ONLY___ ═
2025-09-30 13:38:22,566 INFO     ___FILE_ONLY___ ═
2025-09-30 13:38:22,566 INFO     ___FILE_ONLY___ ═
2025-09-30 13:38:22,567 INFO     ___FILE_ONLY___ ═
2025-09-30 13:38:22,567 INFO     ___FILE_ONLY___ ═
2025-09-30 13:38:22,567 INFO     ___FILE_ONLY___ ═
2025-09-30 13:38:22,567 INFO     ___FILE_ONLY___ ═
2025-09-30 13:38:22,567 INFO     ___FILE_ONLY___ ═
2025-09-30 13:38:22,567 INFO     ___FILE_ONLY___ ═
2025-09-30 13:38:22,567 INFO     ___FILE_ONLY___ ═
2025-09-30 13:38:22,567 INFO     ___FILE_ONLY___ ═
2025-09-30 13:38:22,567 INFO     ___FILE_ONLY___ ═
2025-09-30 13:38:22,567 INFO     ___FILE_ONLY___ ═
2025-09-30 13:38:22,567 INFO     ___FILE_ONLY___ ═
2025-09-30 13:38:22,568 INFO     ___FILE_ONLY___ ═
2025-09-30 13:38:22,568 INFO     ___FILE_ONLY___ ═
2025-09-30 13:38:22,568 INFO     ___FILE_ONLY___ ═
2025-09-30 13:38:22,568 INFO     ___FILE_ONLY___ ═
2025-09-30 13:38:22,568 INFO     ___FILE_ONLY___ ═
2025-09-30 13:38:22,568 INFO     ___FILE_ONLY___ ═
2025-09-30 13:38:22,568 INFO     ___FILE_ONLY___ ═
2025-09-30 13:38:22,568 INFO     ___FILE_ONLY___ ═
2025-09-30 13:38:22,568 INFO     ___FILE_ONLY___ ╝

2025-09-30 13:38:22,570 INFO     ___FILE_ONLY___ ╔════════════════════════════════════════════════════════════╗

2025-09-30 13:38:22,571 INFO     ___FILE_ONLY___ ╠═ Downloading: BigQuery Command Line Tool (Platform Spe... ═╣

2025-09-30 13:38:22,571 INFO     ___FILE_ONLY___ ╚
2025-09-30 13:38:22,573 DEBUG    urllib3.connectionpool Starting new HTTPS connection (1): dl.google.com:443
2025-09-30 13:38:22,587 DEBUG    urllib3.connectionpool https://dl.google.com:443 "GET /dl/cloudsdk/channels/rapid/components/google-cloud-sdk-bq-nix-20250523104322.tar.gz HTTP/11" 200 1935
2025-09-30 13:38:22,587 INFO     ___FILE_ONLY___ ════════════════════════════════════════════════════════════
2025-09-30 13:38:22,587 INFO     ___FILE_ONLY___ ╝

2025-09-30 13:38:22,589 INFO     ___FILE_ONLY___ ╔════════════════════════════════════════════════════════════╗

2025-09-30 13:38:22,589 INFO     ___FILE_ONLY___ ╠═ Downloading: Bundled Python 3.12                         ═╣

2025-09-30 13:38:22,589 INFO     ___FILE_ONLY___ ╚
2025-09-30 13:38:22,590 INFO     ___FILE_ONLY___ ════════════════════════════════════════════════════════════
2025-09-30 13:38:22,590 INFO     ___FILE_ONLY___ ╝

2025-09-30 13:38:22,591 INFO     ___FILE_ONLY___ ╔════════════════════════════════════════════════════════════╗

2025-09-30 13:38:22,591 INFO     ___FILE_ONLY___ ╠═ Downloading: Bundled Python 3.12 (Platform Specific)     ═╣

2025-09-30 13:38:22,592 INFO     ___FILE_ONLY___ ╚
2025-09-30 13:38:22,594 DEBUG    urllib3.connectionpool Starting new HTTPS connection (1): dl.google.com:443
2025-09-30 13:38:22,619 DEBUG    urllib3.connectionpool https://dl.google.com:443 "GET /dl/cloudsdk/channels/rapid/components/google-cloud-sdk-bundled-python3-unix-linux-x86_64-20250502143716.tar.gz HTTP/11" 200 93610468
2025-09-30 13:38:22,951 INFO     ___FILE_ONLY___ ═
2025-09-30 13:38:22,953 INFO     ___FILE_ONLY___ ═
2025-09-30 13:38:22,955 INFO     ___FILE_ONLY___ ═
2025-09-30 13:38:22,957 INFO     ___FILE_ONLY___ ═
2025-09-30 13:38:22,959 INFO     ___FILE_ONLY___ ═
2025-09-30 13:38:22,961 INFO     ___FILE_ONLY___ ═
2025-09-30 13:38:22,963 INFO     ___FILE_ONLY___ ═
2025-09-30 13:38:22,965 INFO     ___FILE_ONLY___ ═
2025-09-30 13:38:22,967 INFO     ___FILE_ONLY___ ═
2025-09-30 13:38:22,969 INFO     ___FILE_ONLY___ ═
2025-09-30 13:38:22,971 INFO     ___FILE_ONLY___ ═
2025-09-30 13:38:22,973 INFO     ___FILE_ONLY___ ═
2025-09-30 13:38:22,974 INFO     ___FILE_ONLY___ ═
2025-09-30 13:38:22,976 INFO     ___FILE_ONLY___ ═
2025-09-30 13:38:22,978 INFO     ___FILE_ONLY___ ═
2025-09-30 13:38:22,980 INFO     ___FILE_ONLY___ ═
2025-09-30 13:38:22,982 INFO     ___FILE_ONLY___ ═
2025-09-30 13:38:22,984 INFO     ___FILE_ONLY___ ═
2025-09-30 13:38:22,986 INFO     ___FILE_ONLY___ ═
2025-09-30 13:38:22,988 INFO     ___FILE_ONLY___ ═
2025-09-30 13:38:22,990 INFO     ___FILE_ONLY___ ═
2025-09-30 13:38:22,992 INFO     ___FILE_ONLY___ ═
2025-09-30 13:38:22,993 INFO     ___FILE_ONLY___ ═
2025-09-30 13:38:22,995 INFO     ___FILE_ONLY___ ═
2025-09-30 13:38:22,997 INFO     ___FILE_ONLY___ ═
2025-09-30 13:38:22,999 INFO     ___FILE_ONLY___ ═
2025-09-30 13:38:23,001 INFO     ___FILE_ONLY___ ═
2025-09-30 13:38:23,003 INFO     ___FILE_ONLY___ ═
2025-09-30 13:38:23,005 INFO     ___FILE_ONLY___ ═
2025-09-30 13:38:23,007 INFO     ___FILE_ONLY___ ═
2025-09-30 13:38:23,009 INFO     ___FILE_ONLY___ ═
2025-09-30 13:38:23,011 INFO     ___FILE_ONLY___ ═
2025-09-30 13:38:23,013 INFO     ___FILE_ONLY___ ═
2025-09-30 13:38:23,015 INFO     ___FILE_ONLY___ ═
2025-09-30 13:38:23,016 INFO     ___FILE_ONLY___ ═
2025-09-30 13:38:23,018 INFO     ___FILE_ONLY___ ═
2025-09-30 13:38:23,020 INFO     ___FILE_ONLY___ ═
2025-09-30 13:38:23,022 INFO     ___FILE_ONLY___ ═
2025-09-30 13:38:23,024 INFO     ___FILE_ONLY___ ═
2025-09-30 13:38:23,026 INFO     ___FILE_ONLY___ ═
2025-09-30 13:38:23,028 INFO     ___FILE_ONLY___ ═
2025-09-30 13:38:23,030 INFO     ___FILE_ONLY___ ═
2025-09-30 13:38:23,032 INFO     ___FILE_ONLY___ ═
2025-09-30 13:38:23,034 INFO     ___FILE_ONLY___ ═
2025-09-30 13:38:23,036 INFO     ___FILE_ONLY___ ═
2025-09-30 13:38:23,037 INFO     ___FILE_ONLY___ ═
2025-09-30 13:38:23,039 INFO     ___FILE_ONLY___ ═
2025-09-30 13:38:23,041 INFO     ___FILE_ONLY___ ═
2025-09-30 13:38:23,043 INFO     ___FILE_ONLY___ ═
2025-09-30 13:38:23,045 INFO     ___FILE_ONLY___ ═
2025-09-30 13:38:23,047 INFO     ___FILE_ONLY___ ═
2025-09-30 13:38:23,049 INFO     ___FILE_ONLY___ ═
2025-09-30 13:38:23,051 INFO     ___FILE_ONLY___ ═
2025-09-30 13:38:23,052 INFO     ___FILE_ONLY___ ═
2025-09-30 13:38:23,054 INFO     ___FILE_ONLY___ ═
2025-09-30 13:38:23,056 INFO     ___FILE_ONLY___ ═
2025-09-30 13:38:23,058 INFO     ___FILE_ONLY___ ═
2025-09-30 13:38:23,060 INFO     ___FILE_ONLY___ ═
2025-09-30 13:38:23,062 INFO     ___FILE_ONLY___ ═
2025-09-30 13:38:23,064 INFO     ___FILE_ONLY___ ═
2025-09-30 13:38:23,064 INFO     ___FILE_ONLY___ ╝

2025-09-30 13:38:23,066 INFO     ___FILE_ONLY___ ╔════════════════════════════════════════════════════════════╗

2025-09-30 13:38:23,066 INFO     ___FILE_ONLY___ ╠═ Downloading: Cloud Storage Command Line Tool             ═╣

2025-09-30 13:38:23,066 INFO     ___FILE_ONLY___ ╚
2025-09-30 13:38:23,069 DEBUG    urllib3.connectionpool Starting new HTTPS connection (1): dl.google.com:443
2025-09-30 13:38:23,083 DEBUG    urllib3.connectionpool https://dl.google.com:443 "GET /dl/cloudsdk/channels/rapid/components/google-cloud-sdk-gsutil-20250627154417.tar.gz HTTP/11" 200 12962791
2025-09-30 13:38:23,133 INFO     ___FILE_ONLY___ ═
2025-09-30 13:38:23,133 INFO     ___FILE_ONLY___ ═
2025-09-30 13:38:23,133 INFO     ___FILE_ONLY___ ═
2025-09-30 13:38:23,134 INFO     ___FILE_ONLY___ ═
2025-09-30 13:38:23,134 INFO     ___FILE_ONLY___ ═
2025-09-30 13:38:23,134 INFO     ___FILE_ONLY___ ═
2025-09-30 13:38:23,135 INFO     ___FILE_ONLY___ ═
2025-09-30 13:38:23,135 INFO     ___FILE_ONLY___ ═
2025-09-30 13:38:23,135 INFO     ___FILE_ONLY___ ═
2025-09-30 13:38:23,136 INFO     ___FILE_ONLY___ ═
2025-09-30 13:38:23,136 INFO     ___FILE_ONLY___ ═
2025-09-30 13:38:23,136 INFO     ___FILE_ONLY___ ═
2025-09-30 13:38:23,136 INFO     ___FILE_ONLY___ ═
2025-09-30 13:38:23,137 INFO     ___FILE_ONLY___ ═
2025-09-30 13:38:23,137 INFO     ___FILE_ONLY___ ═
2025-09-30 13:38:23,137 INFO     ___FILE_ONLY___ ═
2025-09-30 13:38:23,138 INFO     ___FILE_ONLY___ ═
2025-09-30 13:38:23,138 INFO     ___FILE_ONLY___ ═
2025-09-30 13:38:23,138 INFO     ___FILE_ONLY___ ═
2025-09-30 13:38:23,139 INFO     ___FILE_ONLY___ ═
2025-09-30 13:38:23,139 INFO     ___FILE_ONLY___ ═
2025-09-30 13:38:23,139 INFO     ___FILE_ONLY___ ═
2025-09-30 13:38:23,140 INFO     ___FILE_ONLY___ ═
2025-09-30 13:38:23,140 INFO     ___FILE_ONLY___ ═
2025-09-30 13:38:23,140 INFO     ___FILE_ONLY___ ═
2025-09-30 13:38:23,140 INFO     ___FILE_ONLY___ ═
2025-09-30 13:38:23,141 INFO     ___FILE_ONLY___ ═
2025-09-30 13:38:23,141 INFO     ___FILE_ONLY___ ═
2025-09-30 13:38:23,141 INFO     ___FILE_ONLY___ ═
2025-09-30 13:38:23,142 INFO     ___FILE_ONLY___ ═
2025-09-30 13:38:23,142 INFO     ___FILE_ONLY___ ═
2025-09-30 13:38:23,142 INFO     ___FILE_ONLY___ ═
2025-09-30 13:38:23,143 INFO     ___FILE_ONLY___ ═
2025-09-30 13:38:23,143 INFO     ___FILE_ONLY___ ═
2025-09-30 13:38:23,143 INFO     ___FILE_ONLY___ ═
2025-09-30 13:38:23,144 INFO     ___FILE_ONLY___ ═
2025-09-30 13:38:23,144 INFO     ___FILE_ONLY___ ═
2025-09-30 13:38:23,144 INFO     ___FILE_ONLY___ ═
2025-09-30 13:38:23,145 INFO     ___FILE_ONLY___ ═
2025-09-30 13:38:23,145 INFO     ___FILE_ONLY___ ═
2025-09-30 13:38:23,145 INFO     ___FILE_ONLY___ ═
2025-09-30 13:38:23,145 INFO     ___FILE_ONLY___ ═
2025-09-30 13:38:23,146 INFO     ___FILE_ONLY___ ═
2025-09-30 13:38:23,146 INFO     ___FILE_ONLY___ ═
2025-09-30 13:38:23,146 INFO     ___FILE_ONLY___ ═
2025-09-30 13:38:23,147 INFO     ___FILE_ONLY___ ═
2025-09-30 13:38:23,147 INFO     ___FILE_ONLY___ ═
2025-09-30 13:38:23,147 INFO     ___FILE_ONLY___ ═
2025-09-30 13:38:23,148 INFO     ___FILE_ONLY___ ═
2025-09-30 13:38:23,148 INFO     ___FILE_ONLY___ ═
2025-09-30 13:38:23,148 INFO     ___FILE_ONLY___ ═
2025-09-30 13:38:23,149 INFO     ___FILE_ONLY___ ═
2025-09-30 13:38:23,149 INFO     ___FILE_ONLY___ ═
2025-09-30 13:38:23,149 INFO     ___FILE_ONLY___ ═
2025-09-30 13:38:23,150 INFO     ___FILE_ONLY___ ═
2025-09-30 13:38:23,150 INFO     ___FILE_ONLY___ ═
2025-09-30 13:38:23,150 INFO     ___FILE_ONLY___ ═
2025-09-30 13:38:23,150 INFO     ___FILE_ONLY___ ═
2025-09-30 13:38:23,151 INFO     ___FILE_ONLY___ ═
2025-09-30 13:38:23,151 INFO     ___FILE_ONLY___ ═
2025-09-30 13:38:23,151 INFO     ___FILE_ONLY___ ╝

2025-09-30 13:38:23,153 INFO     ___FILE_ONLY___ ╔════════════════════════════════════════════════════════════╗

2025-09-30 13:38:23,154 INFO     ___FILE_ONLY___ ╠═ Downloading: Cloud Storage Command Line Tool (Platfor... ═╣

2025-09-30 13:38:23,154 INFO     ___FILE_ONLY___ ╚
2025-09-30 13:38:23,156 DEBUG    urllib3.connectionpool Starting new HTTPS connection (1): dl.google.com:443
2025-09-30 13:38:23,169 DEBUG    urllib3.connectionpool https://dl.google.com:443 "GET /dl/cloudsdk/channels/rapid/components/google-cloud-sdk-gsutil-nix-20250523104322.tar.gz HTTP/11" 200 1950
2025-09-30 13:38:23,170 INFO     ___FILE_ONLY___ ════════════════════════════════════════════════════════════
2025-09-30 13:38:23,170 INFO     ___FILE_ONLY___ ╝

2025-09-30 13:38:23,172 INFO     ___FILE_ONLY___ ╔════════════════════════════════════════════════════════════╗

2025-09-30 13:38:23,172 INFO     ___FILE_ONLY___ ╠═ Downloading: Default set of gcloud commands              ═╣

2025-09-30 13:38:23,172 INFO     ___FILE_ONLY___ ╚
2025-09-30 13:38:23,172 INFO     ___FILE_ONLY___ ════════════════════════════════════════════════════════════
2025-09-30 13:38:23,172 INFO     ___FILE_ONLY___ ╝

2025-09-30 13:38:23,174 INFO     ___FILE_ONLY___ ╔════════════════════════════════════════════════════════════╗

2025-09-30 13:38:23,174 INFO     ___FILE_ONLY___ ╠═ Downloading: Google Cloud CLI Core Libraries (Platfor... ═╣

2025-09-30 13:38:23,174 INFO     ___FILE_ONLY___ ╚
2025-09-30 13:38:23,176 DEBUG    urllib3.connectionpool Starting new HTTPS connection (1): dl.google.com:443
2025-09-30 13:38:23,219 DEBUG    urllib3.connectionpool https://dl.google.com:443 "GET /dl/cloudsdk/channels/rapid/components/google-cloud-sdk-core-nix-20250523104322.tar.gz HTTP/11" 200 2325
2025-09-30 13:38:23,220 INFO     ___FILE_ONLY___ ════════════════════════════════════════════════════════════
2025-09-30 13:38:23,220 INFO     ___FILE_ONLY___ ╝

2025-09-30 13:38:23,222 INFO     ___FILE_ONLY___ ╔════════════════════════════════════════════════════════════╗

2025-09-30 13:38:23,222 INFO     ___FILE_ONLY___ ╠═ Downloading: Google Cloud CRC32C Hash Tool               ═╣

2025-09-30 13:38:23,222 INFO     ___FILE_ONLY___ ╚
2025-09-30 13:38:23,222 INFO     ___FILE_ONLY___ ════════════════════════════════════════════════════════════
2025-09-30 13:38:23,222 INFO     ___FILE_ONLY___ ╝

2025-09-30 13:38:23,224 INFO     ___FILE_ONLY___ ╔════════════════════════════════════════════════════════════╗

2025-09-30 13:38:23,224 INFO     ___FILE_ONLY___ ╠═ Downloading: Google Cloud CRC32C Hash Tool (Platform ... ═╣

2025-09-30 13:38:23,224 INFO     ___FILE_ONLY___ ╚
2025-09-30 13:38:23,227 DEBUG    urllib3.connectionpool Starting new HTTPS connection (1): dl.google.com:443
2025-09-30 13:38:23,237 DEBUG    urllib3.connectionpool https://dl.google.com:443 "GET /dl/cloudsdk/channels/rapid/components/google-cloud-sdk-gcloud-crc32c-linux-x86_64-20250613150750.tar.gz HTTP/11" 200 1525557
2025-09-30 13:38:23,247 INFO     ___FILE_ONLY___ ═
2025-09-30 13:38:23,248 INFO     ___FILE_ONLY___ ═
2025-09-30 13:38:23,248 INFO     ___FILE_ONLY___ ═
2025-09-30 13:38:23,248 INFO     ___FILE_ONLY___ ═
2025-09-30 13:38:23,248 INFO     ___FILE_ONLY___ ═
2025-09-30 13:38:23,248 INFO     ___FILE_ONLY___ ═
2025-09-30 13:38:23,248 INFO     ___FILE_ONLY___ ═
2025-09-30 13:38:23,248 INFO     ___FILE_ONLY___ ═
2025-09-30 13:38:23,248 INFO     ___FILE_ONLY___ ═
2025-09-30 13:38:23,248 INFO     ___FILE_ONLY___ ═
2025-09-30 13:38:23,248 INFO     ___FILE_ONLY___ ═
2025-09-30 13:38:23,249 INFO     ___FILE_ONLY___ ═
2025-09-30 13:38:23,249 INFO     ___FILE_ONLY___ ═
2025-09-30 13:38:23,249 INFO     ___FILE_ONLY___ ═
2025-09-30 13:38:23,249 INFO     ___FILE_ONLY___ ═
2025-09-30 13:38:23,249 INFO     ___FILE_ONLY___ ═
2025-09-30 13:38:23,249 INFO     ___FILE_ONLY___ ═
2025-09-30 13:38:23,249 INFO     ___FILE_ONLY___ ═
2025-09-30 13:38:23,249 INFO     ___FILE_ONLY___ ═
2025-09-30 13:38:23,249 INFO     ___FILE_ONLY___ ═
2025-09-30 13:38:23,249 INFO     ___FILE_ONLY___ ═
2025-09-30 13:38:23,249 INFO     ___FILE_ONLY___ ═
2025-09-30 13:38:23,249 INFO     ___FILE_ONLY___ ═
2025-09-30 13:38:23,250 INFO     ___FILE_ONLY___ ═
2025-09-30 13:38:23,250 INFO     ___FILE_ONLY___ ═
2025-09-30 13:38:23,250 INFO     ___FILE_ONLY___ ═
2025-09-30 13:38:23,250 INFO     ___FILE_ONLY___ ═
2025-09-30 13:38:23,250 INFO     ___FILE_ONLY___ ═
2025-09-30 13:38:23,250 INFO     ___FILE_ONLY___ ═
2025-09-30 13:38:23,250 INFO     ___FILE_ONLY___ ═
2025-09-30 13:38:23,250 INFO     ___FILE_ONLY___ ═
2025-09-30 13:38:23,250 INFO     ___FILE_ONLY___ ═
2025-09-30 13:38:23,250 INFO     ___FILE_ONLY___ ═
2025-09-30 13:38:23,250 INFO     ___FILE_ONLY___ ═
2025-09-30 13:38:23,250 INFO     ___FILE_ONLY___ ═
2025-09-30 13:38:23,251 INFO     ___FILE_ONLY___ ═
2025-09-30 13:38:23,251 INFO     ___FILE_ONLY___ ═
2025-09-30 13:38:23,251 INFO     ___FILE_ONLY___ ═
2025-09-30 13:38:23,251 INFO     ___FILE_ONLY___ ═
2025-09-30 13:38:23,251 INFO     ___FILE_ONLY___ ═
2025-09-30 13:38:23,251 INFO     ___FILE_ONLY___ ═
2025-09-30 13:38:23,251 INFO     ___FILE_ONLY___ ═
2025-09-30 13:38:23,251 INFO     ___FILE_ONLY___ ═
2025-09-30 13:38:23,251 INFO     ___FILE_ONLY___ ═
2025-09-30 13:38:23,251 INFO     ___FILE_ONLY___ ═
2025-09-30 13:38:23,251 INFO     ___FILE_ONLY___ ═
2025-09-30 13:38:23,251 INFO     ___FILE_ONLY___ ═
2025-09-30 13:38:23,252 INFO     ___FILE_ONLY___ ═
2025-09-30 13:38:23,252 INFO     ___FILE_ONLY___ ═
2025-09-30 13:38:23,252 INFO     ___FILE_ONLY___ ═
2025-09-30 13:38:23,252 INFO     ___FILE_ONLY___ ═
2025-09-30 13:38:23,252 INFO     ___FILE_ONLY___ ═
2025-09-30 13:38:23,252 INFO     ___FILE_ONLY___ ═
2025-09-30 13:38:23,252 INFO     ___FILE_ONLY___ ═
2025-09-30 13:38:23,252 INFO     ___FILE_ONLY___ ═
2025-09-30 13:38:23,252 INFO     ___FILE_ONLY___ ═
2025-09-30 13:38:23,252 INFO     ___FILE_ONLY___ ═
2025-09-30 13:38:23,252 INFO     ___FILE_ONLY___ ═
2025-09-30 13:38:23,252 INFO     ___FILE_ONLY___ ═
2025-09-30 13:38:23,253 INFO     ___FILE_ONLY___ ═
2025-09-30 13:38:23,253 INFO     ___FILE_ONLY___ ╝

2025-09-30 13:38:23,255 INFO     ___FILE_ONLY___ ╔════════════════════════════════════════════════════════════╗

2025-09-30 13:38:23,255 INFO     ___FILE_ONLY___ ╠═ Downloading: gcloud cli dependencies (Platform Specific) ═╣

2025-09-30 13:38:23,255 INFO     ___FILE_ONLY___ ╚
2025-09-30 13:38:23,257 DEBUG    urllib3.connectionpool Starting new HTTPS connection (1): dl.google.com:443
2025-09-30 13:38:23,301 DEBUG    urllib3.connectionpool https://dl.google.com:443 "GET /dl/cloudsdk/channels/rapid/components/google-cloud-sdk-gcloud-deps-linux-x86_64-20210416153011.tar.gz HTTP/11" 200 104
2025-09-30 13:38:23,302 INFO     ___FILE_ONLY___ ════════════════════════════════════════════════════════════
2025-09-30 13:38:23,302 INFO     ___FILE_ONLY___ ╝

2025-09-30 13:38:23,304 INFO     ___FILE_ONLY___ ╔════════════════════════════════════════════════════════════╗

2025-09-30 13:38:23,304 INFO     ___FILE_ONLY___ ╠═ Installing: BigQuery Command Line Tool                   ═╣

2025-09-30 13:38:23,304 INFO     ___FILE_ONLY___ ╚
2025-09-30 13:38:23,395 INFO     ___FILE_ONLY___ ═
2025-09-30 13:38:23,398 INFO     ___FILE_ONLY___ ═
2025-09-30 13:38:23,400 INFO     ___FILE_ONLY___ ═
2025-09-30 13:38:23,402 INFO     ___FILE_ONLY___ ═
2025-09-30 13:38:23,405 INFO     ___FILE_ONLY___ ═
2025-09-30 13:38:23,407 INFO     ___FILE_ONLY___ ═
2025-09-30 13:38:23,410 INFO     ___FILE_ONLY___ ═
2025-09-30 13:38:23,412 INFO     ___FILE_ONLY___ ═
2025-09-30 13:38:23,414 INFO     ___FILE_ONLY___ ═
2025-09-30 13:38:23,417 INFO     ___FILE_ONLY___ ═
2025-09-30 13:38:23,419 INFO     ___FILE_ONLY___ ═
2025-09-30 13:38:23,421 INFO     ___FILE_ONLY___ ═
2025-09-30 13:38:23,423 INFO     ___FILE_ONLY___ ═
2025-09-30 13:38:23,426 INFO     ___FILE_ONLY___ ═
2025-09-30 13:38:23,428 INFO     ___FILE_ONLY___ ═
2025-09-30 13:38:23,430 INFO     ___FILE_ONLY___ ═
2025-09-30 13:38:23,433 INFO     ___FILE_ONLY___ ═
2025-09-30 13:38:23,434 INFO     ___FILE_ONLY___ ═
2025-09-30 13:38:23,437 INFO     ___FILE_ONLY___ ═
2025-09-30 13:38:23,440 INFO     ___FILE_ONLY___ ═
2025-09-30 13:38:23,443 INFO     ___FILE_ONLY___ ═
2025-09-30 13:38:23,445 INFO     ___FILE_ONLY___ ═
2025-09-30 13:38:23,447 INFO     ___FILE_ONLY___ ═
2025-09-30 13:38:23,449 INFO     ___FILE_ONLY___ ═
2025-09-30 13:38:23,451 INFO     ___FILE_ONLY___ ═
2025-09-30 13:38:23,453 INFO     ___FILE_ONLY___ ═
2025-09-30 13:38:23,455 INFO     ___FILE_ONLY___ ═
2025-09-30 13:38:23,457 INFO     ___FILE_ONLY___ ═
2025-09-30 13:38:23,460 INFO     ___FILE_ONLY___ ═
2025-09-30 13:38:23,464 INFO     ___FILE_ONLY___ ═
2025-09-30 13:38:23,466 INFO     ___FILE_ONLY___ ═
2025-09-30 13:38:23,468 INFO     ___FILE_ONLY___ ═
2025-09-30 13:38:23,470 INFO     ___FILE_ONLY___ ═
2025-09-30 13:38:23,473 INFO     ___FILE_ONLY___ ═
2025-09-30 13:38:23,476 INFO     ___FILE_ONLY___ ═
2025-09-30 13:38:23,483 INFO     ___FILE_ONLY___ ═
2025-09-30 13:38:23,488 INFO     ___FILE_ONLY___ ═
2025-09-30 13:38:23,493 INFO     ___FILE_ONLY___ ═
2025-09-30 13:38:23,495 INFO     ___FILE_ONLY___ ═
2025-09-30 13:38:23,497 INFO     ___FILE_ONLY___ ═
2025-09-30 13:38:23,499 INFO     ___FILE_ONLY___ ═
2025-09-30 13:38:23,502 INFO     ___FILE_ONLY___ ═
2025-09-30 13:38:23,505 INFO     ___FILE_ONLY___ ═
2025-09-30 13:38:23,508 INFO     ___FILE_ONLY___ ═
2025-09-30 13:38:23,510 INFO     ___FILE_ONLY___ ═
2025-09-30 13:38:23,513 INFO     ___FILE_ONLY___ ═
2025-09-30 13:38:23,515 INFO     ___FILE_ONLY___ ═
2025-09-30 13:38:23,518 INFO     ___FILE_ONLY___ ═
2025-09-30 13:38:23,520 INFO     ___FILE_ONLY___ ═
2025-09-30 13:38:23,523 INFO     ___FILE_ONLY___ ═
2025-09-30 13:38:23,525 INFO     ___FILE_ONLY___ ═
2025-09-30 13:38:23,527 INFO     ___FILE_ONLY___ ═
2025-09-30 13:38:23,530 INFO     ___FILE_ONLY___ ═
2025-09-30 13:38:23,533 INFO     ___FILE_ONLY___ ═
2025-09-30 13:38:23,534 INFO     ___FILE_ONLY___ ═
2025-09-30 13:38:23,537 INFO     ___FILE_ONLY___ ═
2025-09-30 13:38:23,539 INFO     ___FILE_ONLY___ ═
2025-09-30 13:38:23,541 INFO     ___FILE_ONLY___ ═
2025-09-30 13:38:23,543 INFO     ___FILE_ONLY___ ═
2025-09-30 13:38:23,545 INFO     ___FILE_ONLY___ ═
2025-09-30 13:38:23,545 INFO     ___FILE_ONLY___ ╝

2025-09-30 13:38:23,553 INFO     ___FILE_ONLY___ ╔════════════════════════════════════════════════════════════╗

2025-09-30 13:38:23,553 INFO     ___FILE_ONLY___ ╠═ Installing: BigQuery Command Line Tool (Platform Spec... ═╣

2025-09-30 13:38:23,553 INFO     ___FILE_ONLY___ ╚
2025-09-30 13:38:23,554 INFO     ___FILE_ONLY___ ════════════════════════════════════════════════════════════
2025-09-30 13:38:23,554 INFO     ___FILE_ONLY___ ╝

2025-09-30 13:38:23,558 INFO     ___FILE_ONLY___ ╔════════════════════════════════════════════════════════════╗

2025-09-30 13:38:23,559 INFO     ___FILE_ONLY___ ╠═ Installing: Bundled Python 3.12                          ═╣

2025-09-30 13:38:23,559 INFO     ___FILE_ONLY___ ╚
2025-09-30 13:38:23,561 INFO     ___FILE_ONLY___ ════════════════════════════════════════════════════════════
2025-09-30 13:38:23,561 INFO     ___FILE_ONLY___ ╝

2025-09-30 13:38:23,563 INFO     ___FILE_ONLY___ ╔════════════════════════════════════════════════════════════╗

2025-09-30 13:38:23,563 INFO     ___FILE_ONLY___ ╠═ Installing: Bundled Python 3.12 (Platform Specific)      ═╣

2025-09-30 13:38:23,563 INFO     ___FILE_ONLY___ ╚
2025-09-30 13:38:25,689 INFO     ___FILE_ONLY___ ═
2025-09-30 13:38:25,702 INFO     ___FILE_ONLY___ ═
2025-09-30 13:38:25,714 INFO     ___FILE_ONLY___ ═
2025-09-30 13:38:25,728 INFO     ___FILE_ONLY___ ═
2025-09-30 13:38:25,741 INFO     ___FILE_ONLY___ ═
2025-09-30 13:38:25,755 INFO     ___FILE_ONLY___ ═
2025-09-30 13:38:25,769 INFO     ___FILE_ONLY___ ═
2025-09-30 13:38:25,782 INFO     ___FILE_ONLY___ ═
2025-09-30 13:38:25,796 INFO     ___FILE_ONLY___ ═
2025-09-30 13:38:25,809 INFO     ___FILE_ONLY___ ═
2025-09-30 13:38:25,822 INFO     ___FILE_ONLY___ ═
2025-09-30 13:38:25,835 INFO     ___FILE_ONLY___ ═
2025-09-30 13:38:25,848 INFO     ___FILE_ONLY___ ═
2025-09-30 13:38:25,862 INFO     ___FILE_ONLY___ ═
2025-09-30 13:38:25,876 INFO     ___FILE_ONLY___ ═
2025-09-30 13:38:25,889 INFO     ___FILE_ONLY___ ═
2025-09-30 13:38:25,902 INFO     ___FILE_ONLY___ ═
2025-09-30 13:38:25,915 INFO     ___FILE_ONLY___ ═
2025-09-30 13:38:25,929 INFO     ___FILE_ONLY___ ═
2025-09-30 13:38:25,942 INFO     ___FILE_ONLY___ ═
2025-09-30 13:38:25,956 INFO     ___FILE_ONLY___ ═
2025-09-30 13:38:25,970 INFO     ___FILE_ONLY___ ═
2025-09-30 13:38:25,983 INFO     ___FILE_ONLY___ ═
2025-09-30 13:38:25,996 INFO     ___FILE_ONLY___ ═
2025-09-30 13:38:26,010 INFO     ___FILE_ONLY___ ═
2025-09-30 13:38:26,023 INFO     ___FILE_ONLY___ ═
2025-09-30 13:38:26,036 INFO     ___FILE_ONLY___ ═
2025-09-30 13:38:26,050 INFO     ___FILE_ONLY___ ═
2025-09-30 13:38:26,063 INFO     ___FILE_ONLY___ ═
2025-09-30 13:38:26,076 INFO     ___FILE_ONLY___ ═
2025-09-30 13:38:26,090 INFO     ___FILE_ONLY___ ═
2025-09-30 13:38:26,103 INFO     ___FILE_ONLY___ ═
2025-09-30 13:38:26,116 INFO     ___FILE_ONLY___ ═
2025-09-30 13:38:26,131 INFO     ___FILE_ONLY___ ═
2025-09-30 13:38:26,148 INFO     ___FILE_ONLY___ ═
2025-09-30 13:38:26,164 INFO     ___FILE_ONLY___ ═
2025-09-30 13:38:27,002 INFO     ___FILE_ONLY___ ═
2025-09-30 13:38:27,026 INFO     ___FILE_ONLY___ ═
2025-09-30 13:38:27,509 INFO     ___FILE_ONLY___ ═
2025-09-30 13:38:27,528 INFO     ___FILE_ONLY___ ═
2025-09-30 13:38:27,550 INFO     ___FILE_ONLY___ ═
2025-09-30 13:38:27,577 INFO     ___FILE_ONLY___ ═
2025-09-30 13:38:27,596 INFO     ___FILE_ONLY___ ═
2025-09-30 13:38:27,625 INFO     ___FILE_ONLY___ ═
2025-09-30 13:38:27,646 INFO     ___FILE_ONLY___ ═
2025-09-30 13:38:27,666 INFO     ___FILE_ONLY___ ═
2025-09-30 13:38:27,683 INFO     ___FILE_ONLY___ ═
2025-09-30 13:38:27,702 INFO     ___FILE_ONLY___ ═
2025-09-30 13:38:27,790 INFO     ___FILE_ONLY___ ═
2025-09-30 13:38:27,809 INFO     ___FILE_ONLY___ ═
2025-09-30 13:38:27,960 INFO     ___FILE_ONLY___ ═
2025-09-30 13:38:27,981 INFO     ___FILE_ONLY___ ═
2025-09-30 13:38:28,004 INFO     ___FILE_ONLY___ ═
2025-09-30 13:38:28,022 INFO     ___FILE_ONLY___ ═
2025-09-30 13:38:28,038 INFO     ___FILE_ONLY___ ═
2025-09-30 13:38:28,058 INFO     ___FILE_ONLY___ ═
2025-09-30 13:38:28,076 INFO     ___FILE_ONLY___ ═
2025-09-30 13:38:28,093 INFO     ___FILE_ONLY___ ═
2025-09-30 13:38:28,122 INFO     ___FILE_ONLY___ ═
2025-09-30 13:38:28,595 INFO     ___FILE_ONLY___ ═
2025-09-30 13:38:28,595 INFO     ___FILE_ONLY___ ╝

2025-09-30 13:38:28,651 INFO     ___FILE_ONLY___ ╔════════════════════════════════════════════════════════════╗

2025-09-30 13:38:28,651 INFO     ___FILE_ONLY___ ╠═ Installing: Cloud Storage Command Line Tool              ═╣

2025-09-30 13:38:28,651 INFO     ___FILE_ONLY___ ╚
2025-09-30 13:38:29,181 INFO     ___FILE_ONLY___ ═
2025-09-30 13:38:29,193 INFO     ___FILE_ONLY___ ═
2025-09-30 13:38:29,205 INFO     ___FILE_ONLY___ ═
2025-09-30 13:38:29,215 INFO     ___FILE_ONLY___ ═
2025-09-30 13:38:29,226 INFO     ___FILE_ONLY___ ═
2025-09-30 13:38:29,261 INFO     ___FILE_ONLY___ ═
2025-09-30 13:38:29,274 INFO     ___FILE_ONLY___ ═
2025-09-30 13:38:29,290 INFO     ___FILE_ONLY___ ═
2025-09-30 13:38:29,306 INFO     ___FILE_ONLY___ ═
2025-09-30 13:38:29,322 INFO     ___FILE_ONLY___ ═
2025-09-30 13:38:29,339 INFO     ___FILE_ONLY___ ═
2025-09-30 13:38:29,351 INFO     ___FILE_ONLY___ ═
2025-09-30 13:38:29,364 INFO     ___FILE_ONLY___ ═
2025-09-30 13:38:29,373 INFO     ___FILE_ONLY___ ═
2025-09-30 13:38:29,383 INFO     ___FILE_ONLY___ ═
2025-09-30 13:38:29,401 INFO     ___FILE_ONLY___ ═
2025-09-30 13:38:29,415 INFO     ___FILE_ONLY___ ═
2025-09-30 13:38:29,425 INFO     ___FILE_ONLY___ ═
2025-09-30 13:38:29,437 INFO     ___FILE_ONLY___ ═
2025-09-30 13:38:29,449 INFO     ___FILE_ONLY___ ═
2025-09-30 13:38:29,460 INFO     ___FILE_ONLY___ ═
2025-09-30 13:38:29,473 INFO     ___FILE_ONLY___ ═
2025-09-30 13:38:29,484 INFO     ___FILE_ONLY___ ═
2025-09-30 13:38:29,495 INFO     ___FILE_ONLY___ ═
2025-09-30 13:38:29,506 INFO     ___FILE_ONLY___ ═
2025-09-30 13:38:29,517 INFO     ___FILE_ONLY___ ═
2025-09-30 13:38:29,529 INFO     ___FILE_ONLY___ ═
2025-09-30 13:38:29,543 INFO     ___FILE_ONLY___ ═
2025-09-30 13:38:29,561 INFO     ___FILE_ONLY___ ═
2025-09-30 13:38:29,574 INFO     ___FILE_ONLY___ ═
2025-09-30 13:38:29,588 INFO     ___FILE_ONLY___ ═
2025-09-30 13:38:29,610 INFO     ___FILE_ONLY___ ═
2025-09-30 13:38:29,627 INFO     ___FILE_ONLY___ ═
2025-09-30 13:38:29,647 INFO     ___FILE_ONLY___ ═
2025-09-30 13:38:29,662 INFO     ___FILE_ONLY___ ═
2025-09-30 13:38:29,679 INFO     ___FILE_ONLY___ ═
2025-09-30 13:38:29,690 INFO     ___FILE_ONLY___ ═
2025-09-30 13:38:29,702 INFO     ___FILE_ONLY___ ═
2025-09-30 13:38:29,738 INFO     ___FILE_ONLY___ ═
2025-09-30 13:38:29,753 INFO     ___FILE_ONLY___ ═
2025-09-30 13:38:29,765 INFO     ___FILE_ONLY___ ═
2025-09-30 13:38:29,776 INFO     ___FILE_ONLY___ ═
2025-09-30 13:38:29,787 INFO     ___FILE_ONLY___ ═
2025-09-30 13:38:29,798 INFO     ___FILE_ONLY___ ═
2025-09-30 13:38:29,810 INFO     ___FILE_ONLY___ ═
2025-09-30 13:38:29,822 INFO     ___FILE_ONLY___ ═
2025-09-30 13:38:29,834 INFO     ___FILE_ONLY___ ═
2025-09-30 13:38:29,844 INFO     ___FILE_ONLY___ ═
2025-09-30 13:38:29,855 INFO     ___FILE_ONLY___ ═
2025-09-30 13:38:29,870 INFO     ___FILE_ONLY___ ═
2025-09-30 13:38:29,885 INFO     ___FILE_ONLY___ ═
2025-09-30 13:38:29,899 INFO     ___FILE_ONLY___ ═
2025-09-30 13:38:29,914 INFO     ___FILE_ONLY___ ═
2025-09-30 13:38:29,928 INFO     ___FILE_ONLY___ ═
2025-09-30 13:38:29,941 INFO     ___FILE_ONLY___ ═
2025-09-30 13:38:29,957 INFO     ___FILE_ONLY___ ═
2025-09-30 13:38:29,974 INFO     ___FILE_ONLY___ ═
2025-09-30 13:38:29,996 INFO     ___FILE_ONLY___ ═
2025-09-30 13:38:30,014 INFO     ___FILE_ONLY___ ═
2025-09-30 13:38:30,032 INFO     ___FILE_ONLY___ ═
2025-09-30 13:38:30,033 INFO     ___FILE_ONLY___ ╝

2025-09-30 13:38:30,064 INFO     ___FILE_ONLY___ ╔════════════════════════════════════════════════════════════╗

2025-09-30 13:38:30,064 INFO     ___FILE_ONLY___ ╠═ Installing: Cloud Storage Command Line Tool (Platform... ═╣

2025-09-30 13:38:30,064 INFO     ___FILE_ONLY___ ╚
2025-09-30 13:38:30,065 INFO     ___FILE_ONLY___ ════════════════════════════════════════════════════════════
2025-09-30 13:38:30,065 INFO     ___FILE_ONLY___ ╝

2025-09-30 13:38:30,070 INFO     ___FILE_ONLY___ ╔════════════════════════════════════════════════════════════╗

2025-09-30 13:38:30,070 INFO     ___FILE_ONLY___ ╠═ Installing: Default set of gcloud commands               ═╣

2025-09-30 13:38:30,070 INFO     ___FILE_ONLY___ ╚
2025-09-30 13:38:30,072 INFO     ___FILE_ONLY___ ════════════════════════════════════════════════════════════
2025-09-30 13:38:30,072 INFO     ___FILE_ONLY___ ╝

2025-09-30 13:38:30,074 INFO     ___FILE_ONLY___ ╔════════════════════════════════════════════════════════════╗

2025-09-30 13:38:30,074 INFO     ___FILE_ONLY___ ╠═ Installing: Google Cloud CLI Core Libraries (Platform... ═╣

2025-09-30 13:38:30,074 INFO     ___FILE_ONLY___ ╚
2025-09-30 13:38:30,075 INFO     ___FILE_ONLY___ ══════════════════════════════
2025-09-30 13:38:30,076 INFO     ___FILE_ONLY___ ══════════════════════════════
2025-09-30 13:38:30,076 INFO     ___FILE_ONLY___ ╝

2025-09-30 13:38:30,080 INFO     ___FILE_ONLY___ ╔════════════════════════════════════════════════════════════╗

2025-09-30 13:38:30,080 INFO     ___FILE_ONLY___ ╠═ Installing: Google Cloud CRC32C Hash Tool                ═╣

2025-09-30 13:38:30,080 INFO     ___FILE_ONLY___ ╚
2025-09-30 13:38:30,082 INFO     ___FILE_ONLY___ ════════════════════════════════════════════════════════════
2025-09-30 13:38:30,082 INFO     ___FILE_ONLY___ ╝

2025-09-30 13:38:30,084 INFO     ___FILE_ONLY___ ╔════════════════════════════════════════════════════════════╗

2025-09-30 13:38:30,084 INFO     ___FILE_ONLY___ ╠═ Installing: Google Cloud CRC32C Hash Tool (Platform S... ═╣

2025-09-30 13:38:30,084 INFO     ___FILE_ONLY___ ╚
2025-09-30 13:38:30,121 INFO     ___FILE_ONLY___ ══════════════════════════════
2025-09-30 13:38:30,122 INFO     ___FILE_ONLY___ ══════════════════════════════
2025-09-30 13:38:30,122 INFO     ___FILE_ONLY___ ╝

2025-09-30 13:38:30,126 INFO     ___FILE_ONLY___ ╔════════════════════════════════════════════════════════════╗

2025-09-30 13:38:30,127 INFO     ___FILE_ONLY___ ╠═ Installing: gcloud cli dependencies (Platform Specific)  ═╣

2025-09-30 13:38:30,127 INFO     ___FILE_ONLY___ ╚
2025-09-30 13:38:30,127 INFO     ___FILE_ONLY___ ════════════════════════════════════════════════════════════
2025-09-30 13:38:30,127 INFO     ___FILE_ONLY___ ╝

2025-09-30 13:38:30,132 DEBUG    root            Updating notification cache...
2025-09-30 13:38:30,132 INFO     ___FILE_ONLY___ 

2025-09-30 13:38:30,134 INFO     ___FILE_ONLY___ Performing post processing steps...
2025-09-30 13:38:30,135 DEBUG    root            Executing command: ['/tools/google-cloud-sdk/bin/gcloud', 'components', 'post-process']
2025-09-30 13:38:38,559 DEBUG    ___FILE_ONLY___ 
2025-09-30 13:38:38,559 DEBUG    ___FILE_ONLY___ 
2025-09-30 13:38:38,675 INFO     root            descriptor_list: [{'universeDomain': 'googleapis.com', 'universeShortName': '', 'authenticationDomain': 'auth.cloud.google.com', 'projectPrefix': '', 'cloudWebDomain': 'cloud.google.com', 'documentationDomain': 'cloud.google.com', 'version': '1.0.0', 'state': 'primary', 'artifactRegistryDomain': 'pkg.dev'}]
2025-09-30 13:38:38,675 INFO     ___FILE_ONLY___ 
Update done!


2025-09-30 13:38:38,679 DEBUG    root            Chosen display Format:none
2025-09-30 13:38:38,679 INFO     root            Display format: "none"
