2025-09-30 13:38:39,323 DEBUG    root            Loaded Command Group: ['gcloud', 'components']
2025-09-30 13:38:39,354 DEBUG    root            Loaded Command Group: ['gcloud', 'components', 'update']
2025-09-30 13:38:39,357 DEBUG    root            Running [gcloud.components.update] with arguments: [--quiet: "True", COMPONENT-IDS:8: "['gcloud', 'core', 'bq', 'gsutil', 'compute', 'preview', 'alpha', 'beta']"]
2025-09-30 13:38:39,358 INFO     ___FILE_ONLY___ Beginning update. This process may take several minutes.

2025-09-30 13:38:39,366 DEBUG    urllib3.connectionpool Starting new HTTPS connection (1): dl.google.com:443
2025-09-30 13:38:39,384 DEBUG    urllib3.connectionpool https://dl.google.com:443 "GET /dl/cloudsdk/channels/rapid/components-2.json HTTP/11" 200 233157
2025-09-30 13:38:39,395 WARNING  root            Component [compute] no longer exists.
2025-09-30 13:38:39,396 INFO     ___FILE_ONLY___ 

2025-09-30 13:38:39,397 INFO     ___FILE_ONLY___ 
Your current Google Cloud CLI version is: 541.0.0

2025-09-30 13:38:39,397 INFO     ___FILE_ONLY___ Installing components from version: 541.0.0

2025-09-30 13:38:39,397 INFO     ___FILE_ONLY___ 

2025-09-30 13:38:39,397 DEBUG    root            Chosen display Format:table[box,title="These components will be removed."](details.display_name:label=Name:align=left,version.version_string:label=Version:align=right,data.size.size(zero="",min=1048576):label=Size:align=right)
2025-09-30 13:38:39,397 DEBUG    root            Chosen display Format:table[box,title="These components will be updated."](details.display_name:label=Name:align=left,version.version_string:label=Version:align=right,data.size.size(zero="",min=1048576):label=Size:align=right)
2025-09-30 13:38:39,398 DEBUG    root            Chosen display Format:table[box,title="These components will be installed."](details.display_name:label=Name:align=left,version.version_string:label=Version:align=right,data.size.size(zero="",min=1048576):label=Size:align=right)
2025-09-30 13:38:39,414 INFO     ___FILE_ONLY___ ┌────────────────────────────────────────────────┐
2025-09-30 13:38:39,414 INFO     ___FILE_ONLY___ 

2025-09-30 13:38:39,414 INFO     ___FILE_ONLY___ │      These components will be installed.       │
2025-09-30 13:38:39,414 INFO     ___FILE_ONLY___ 

2025-09-30 13:38:39,414 INFO     ___FILE_ONLY___ ├─────────────────────────┬────────────┬─────────┤
2025-09-30 13:38:39,414 INFO     ___FILE_ONLY___ 

2025-09-30 13:38:39,414 INFO     ___FILE_ONLY___ │           Name          │  Version   │   Size  │
2025-09-30 13:38:39,414 INFO     ___FILE_ONLY___ 

2025-09-30 13:38:39,414 INFO     ___FILE_ONLY___ ├─────────────────────────┼────────────┼─────────┤
2025-09-30 13:38:39,414 INFO     ___FILE_ONLY___ 

2025-09-30 13:38:39,414 INFO     ___FILE_ONLY___ │ 
2025-09-30 13:38:39,414 INFO     ___FILE_ONLY___ gcloud Alpha Commands  
2025-09-30 13:38:39,414 INFO     ___FILE_ONLY___  
2025-09-30 13:38:39,414 INFO     ___FILE_ONLY___ │ 
2025-09-30 13:38:39,414 INFO     ___FILE_ONLY___ 2025.09.29
2025-09-30 13:38:39,415 INFO     ___FILE_ONLY___  
2025-09-30 13:38:39,415 INFO     ___FILE_ONLY___ │ 
2025-09-30 13:38:39,415 INFO     ___FILE_ONLY___ < 1 MiB
2025-09-30 13:38:39,415 INFO     ___FILE_ONLY___  
2025-09-30 13:38:39,415 INFO     ___FILE_ONLY___ │
2025-09-30 13:38:39,415 INFO     ___FILE_ONLY___ 

2025-09-30 13:38:39,415 INFO     ___FILE_ONLY___ │ 
2025-09-30 13:38:39,415 INFO     ___FILE_ONLY___ gcloud Beta Commands   
2025-09-30 13:38:39,415 INFO     ___FILE_ONLY___  
2025-09-30 13:38:39,415 INFO     ___FILE_ONLY___ │ 
2025-09-30 13:38:39,415 INFO     ___FILE_ONLY___ 2025.09.29
2025-09-30 13:38:39,415 INFO     ___FILE_ONLY___  
2025-09-30 13:38:39,415 INFO     ___FILE_ONLY___ │ 
2025-09-30 13:38:39,415 INFO     ___FILE_ONLY___ < 1 MiB
2025-09-30 13:38:39,415 INFO     ___FILE_ONLY___  
2025-09-30 13:38:39,415 INFO     ___FILE_ONLY___ │
2025-09-30 13:38:39,415 INFO     ___FILE_ONLY___ 

2025-09-30 13:38:39,415 INFO     ___FILE_ONLY___ │ 
2025-09-30 13:38:39,415 INFO     ___FILE_ONLY___ gcloud Preview Commands
2025-09-30 13:38:39,415 INFO     ___FILE_ONLY___  
2025-09-30 13:38:39,416 INFO     ___FILE_ONLY___ │ 
2025-09-30 13:38:39,416 INFO     ___FILE_ONLY___           
2025-09-30 13:38:39,416 INFO     ___FILE_ONLY___  
2025-09-30 13:38:39,416 INFO     ___FILE_ONLY___ │ 
2025-09-30 13:38:39,416 INFO     ___FILE_ONLY___ < 1 MiB
2025-09-30 13:38:39,416 INFO     ___FILE_ONLY___  
2025-09-30 13:38:39,416 INFO     ___FILE_ONLY___ │
2025-09-30 13:38:39,416 INFO     ___FILE_ONLY___ 

2025-09-30 13:38:39,416 INFO     ___FILE_ONLY___ └─────────────────────────┴────────────┴─────────┘
2025-09-30 13:38:39,416 INFO     ___FILE_ONLY___ 

2025-09-30 13:38:39,416 INFO     ___FILE_ONLY___ 

2025-09-30 13:38:39,419 DEBUG    urllib3.connectionpool Starting new HTTPS connection (1): dl.google.com:443
2025-09-30 13:38:39,431 DEBUG    urllib3.connectionpool https://dl.google.com:443 "GET /dl/cloudsdk/channels/rapid/RELEASE_NOTES HTTP/11" 200 1492432
2025-09-30 13:38:39,933 INFO     ___FILE_ONLY___ For the latest full release notes, please visit:
  https://cloud.google.com/sdk/release_notes


2025-09-30 13:38:39,933 INFO     ___FILE_ONLY___ Performing in place update...


2025-09-30 13:38:39,936 INFO     ___FILE_ONLY___ ╔════════════════════════════════════════════════════════════╗

2025-09-30 13:38:39,936 INFO     ___FILE_ONLY___ ╠═ Downloading: gcloud Alpha Commands                       ═╣

2025-09-30 13:38:39,936 INFO     ___FILE_ONLY___ ╚
2025-09-30 13:38:39,938 DEBUG    urllib3.connectionpool Starting new HTTPS connection (1): dl.google.com:443
2025-09-30 13:38:39,948 DEBUG    urllib3.connectionpool https://dl.google.com:443 "GET /dl/cloudsdk/channels/rapid/components/google-cloud-sdk-alpha-20250929142209.tar.gz HTTP/11" 200 800
2025-09-30 13:38:39,948 INFO     ___FILE_ONLY___ ════════════════════════════════════════════════════════════
2025-09-30 13:38:39,948 INFO     ___FILE_ONLY___ ╝

2025-09-30 13:38:39,951 INFO     ___FILE_ONLY___ ╔════════════════════════════════════════════════════════════╗

2025-09-30 13:38:39,951 INFO     ___FILE_ONLY___ ╠═ Downloading: gcloud Beta Commands                        ═╣

2025-09-30 13:38:39,951 INFO     ___FILE_ONLY___ ╚
2025-09-30 13:38:39,953 DEBUG    urllib3.connectionpool Starting new HTTPS connection (1): dl.google.com:443
2025-09-30 13:38:39,967 DEBUG    urllib3.connectionpool https://dl.google.com:443 "GET /dl/cloudsdk/channels/rapid/components/google-cloud-sdk-beta-20250929142209.tar.gz HTTP/11" 200 797
2025-09-30 13:38:39,967 INFO     ___FILE_ONLY___ ════════════════════════════════════════════════════════════
2025-09-30 13:38:39,968 INFO     ___FILE_ONLY___ ╝

2025-09-30 13:38:39,970 INFO     ___FILE_ONLY___ ╔════════════════════════════════════════════════════════════╗

2025-09-30 13:38:39,970 INFO     ___FILE_ONLY___ ╠═ Downloading: gcloud Preview Commands                     ═╣

2025-09-30 13:38:39,970 INFO     ___FILE_ONLY___ ╚
2025-09-30 13:38:39,972 DEBUG    urllib3.connectionpool Starting new HTTPS connection (1): dl.google.com:443
2025-09-30 13:38:40,020 DEBUG    urllib3.connectionpool https://dl.google.com:443 "GET /dl/cloudsdk/channels/rapid/components/google-cloud-sdk-preview-20241115154308.tar.gz HTTP/11" 200 823
2025-09-30 13:38:40,021 INFO     ___FILE_ONLY___ ════════════════════════════════════════════════════════════
2025-09-30 13:38:40,021 INFO     ___FILE_ONLY___ ╝

2025-09-30 13:38:40,023 INFO     ___FILE_ONLY___ ╔════════════════════════════════════════════════════════════╗

2025-09-30 13:38:40,023 INFO     ___FILE_ONLY___ ╠═ Installing: gcloud Alpha Commands                        ═╣

2025-09-30 13:38:40,023 INFO     ___FILE_ONLY___ ╚
2025-09-30 13:38:40,024 INFO     ___FILE_ONLY___ ════════════════════════════════════════════════════════════
2025-09-30 13:38:40,024 INFO     ___FILE_ONLY___ ╝

2025-09-30 13:38:40,029 INFO     ___FILE_ONLY___ ╔════════════════════════════════════════════════════════════╗

2025-09-30 13:38:40,029 INFO     ___FILE_ONLY___ ╠═ Installing: gcloud Beta Commands                         ═╣

2025-09-30 13:38:40,029 INFO     ___FILE_ONLY___ ╚
2025-09-30 13:38:40,030 INFO     ___FILE_ONLY___ ════════════════════════════════════════════════════════════
2025-09-30 13:38:40,030 INFO     ___FILE_ONLY___ ╝

2025-09-30 13:38:40,034 INFO     ___FILE_ONLY___ ╔════════════════════════════════════════════════════════════╗

2025-09-30 13:38:40,034 INFO     ___FILE_ONLY___ ╠═ Installing: gcloud Preview Commands                      ═╣

2025-09-30 13:38:40,034 INFO     ___FILE_ONLY___ ╚
2025-09-30 13:38:40,035 INFO     ___FILE_ONLY___ ════════════════════════════════════════════════════════════
2025-09-30 13:38:40,035 INFO     ___FILE_ONLY___ ╝

2025-09-30 13:38:40,040 DEBUG    root            Updating notification cache...
2025-09-30 13:38:40,040 INFO     ___FILE_ONLY___ 

2025-09-30 13:38:40,042 INFO     ___FILE_ONLY___ Performing post processing steps...
2025-09-30 13:38:40,042 DEBUG    root            Executing command: ['/tools/google-cloud-sdk/bin/gcloud', 'components', 'post-process']
2025-09-30 13:38:48,593 DEBUG    ___FILE_ONLY___ 
2025-09-30 13:38:48,593 DEBUG    ___FILE_ONLY___ 
2025-09-30 13:38:48,806 INFO     root            descriptor_list: [{'universeDomain': 'googleapis.com', 'universeShortName': '', 'authenticationDomain': 'auth.cloud.google.com', 'projectPrefix': '', 'cloudWebDomain': 'cloud.google.com', 'documentationDomain': 'cloud.google.com', 'version': '1.0.0', 'state': 'primary', 'artifactRegistryDomain': 'pkg.dev'}]
2025-09-30 13:38:48,807 INFO     ___FILE_ONLY___ 
Update done!


2025-09-30 13:38:48,809 DEBUG    root            Chosen display Format:none
2025-09-30 13:38:48,809 INFO     root            Display format: "none"
